        -:    0:Source:D:/C++/main.cpp
        -:    0:Graph:D:\C++\cmake-build-debug-coverage\CMakeFiles\C__.dir\main.cpp.gcno
        -:    0:Data:D:\C++\cmake-build-debug-coverage\CMakeFiles\C__.dir\main.cpp.gcda
        -:    0:Runs:1
        -:    0:Programs:1
        -:    1:#include <iostream>
        -:    2:
        -:    3:using namespace std;
        -:    4:
function main called 1 returned 100% blocks executed 100%
        1:    5:int main() {
        1:    6:    cout << "Hello, World!" << endl;
        1:    6-block  0
call    0 returned 1
call    1 returned 1
        1:    7:    return 0;
        -:    8:}
